2023-08-10 11:11:12.538 [ERRO] {300b906df4e67917db3d353ae5556a5d} 服务未注册 0x33
Stack:
1.  main.main.func2
    D:/project/vgdw200/main.go:81

2023-08-10 11:11:42.506 [ERRO] {4045cc67fbe67917f6cf8005ecc862e7} 服务未注册 0x33
Stack:
1.  main.main.func2
    D:/project/vgdw200/main.go:81

2023-08-10 11:12:02.823 [ERRO] {601ec32200e77917f7cf80054c3f0853} 服务未注册 0x77
Stack:
1.  main.main.func2
    D:/project/vgdw200/main.go:81

2023-08-10 11:13:02.835 [ERRO] {582cc01b0ee77917f8cf80058568bd36} 服务未注册 0x77
Stack:
1.  main.main.func2
    D:/project/vgdw200/main.go:81

2023-08-10 11:15:26.872 [ERRO] {184005a52fe77917b240d748eb655935} 服务未注册 0x77
Stack:
1.  main.main.func2
    D:/project/vgdw200/main.go:81

2023-08-10 11:16:29.881 [ERRO] {ecf8a9503ee7791778106949f63fa554} 服务未注册 0x77
Stack:
1.  main.main.func2
    D:/project/vgdw200/main.go:80

2023-08-10 11:17:29.889 [ERRO] {189b66494ce779177a10694913c220da} 服务未注册 0x77
Stack:
1.  main.main.func2
    D:/project/vgdw200/main.go:80

2023-08-10 11:18:29.897 [ERRO] {207e2e425ae779177b106949453a55e6} 服务未注册 0x77
Stack:
1.  main.main.func2
    D:/project/vgdw200/main.go:80

2023-08-10 11:19:29.910 [ERRO] {bc342a3b68e779177c10694927c6ea66} 服务未注册 0x77
Stack:
1.  main.main.func2
    D:/project/vgdw200/main.go:80

2023-08-10 11:20:00.975 [ERRO] {94f4db766fe779177d106949b5fc2a4a} 服务未注册 0x33
Stack:
1.  main.main.func2
    D:/project/vgdw200/main.go:80

2023-08-10 11:20:29.925 [ERRO] {646f633476e779177e106949d2adbdca} 服务未注册 0x77
Stack:
1.  main.main.func2
    D:/project/vgdw200/main.go:80

2023-08-10 11:21:29.948 [ERRO] {dc9f032e84e779177f106949983ce62c} 服务未注册 0x77
Stack:
1.  main.main.func2
    D:/project/vgdw200/main.go:80

2023-08-10 11:22:29.953 [ERRO] {2880992692e7791780106949148e3db8} 服务未注册 0x77
Stack:
1.  main.main.func2
    D:/project/vgdw200/main.go:80

2023-08-10 11:23:29.973 [ERRO] {f83e1220a0e7791781106949c94c55fe} 服务未注册 0x77
Stack:
1.  main.main.func2
    D:/project/vgdw200/main.go:80

2023-08-10 11:24:29.971 [ERRO] {34a14518aee7791783106949bec96646} 服务未注册 0x77
Stack:
1.  main.main.func2
    D:/project/vgdw200/main.go:80

2023-08-10 11:25:29.974 [ERRO] {dcf9b110bce7791784106949dec721cd} 服务未注册 0x77
Stack:
1.  main.main.func2
    D:/project/vgdw200/main.go:80

2023-08-10 11:26:29.982 [ERRO] {fcdf7c09cae7791785106949970e1657} 服务未注册 0x77
Stack:
1.  main.main.func2
    D:/project/vgdw200/main.go:80

2023-08-10 11:27:29.987 [ERRO] {00cb0e02d8e7791786106949981765ab} 服务未注册 0x77
Stack:
1.  main.main.func2
    D:/project/vgdw200/main.go:80

2023-08-10 11:28:29.990 [ERRO] {1c8582fae5e77917871069496cc1aa8f} 服务未注册 0x77
Stack:
1.  main.main.func2
    D:/project/vgdw200/main.go:80

2023-08-10 11:29:30.001 [ERRO] {e4cc66f3f3e7791788106949f2cf44e9} 服务未注册 0x77
Stack:
1.  main.main.func2
    D:/project/vgdw200/main.go:80

2023-08-10 11:30:30.004 [ERRO] {e80ae7eb01e87917891069494cb7093c} 服务未注册 0x77
Stack:
1.  main.main.func2
    D:/project/vgdw200/main.go:80

2023-08-10 11:31:30.009 [ERRO] {c49f74e40fe879178a106949d6ac3434} 服务未注册 0x77
Stack:
1.  main.main.func2
    D:/project/vgdw200/main.go:80

2023-08-10 11:32:30.012 [ERRO] {144ddfdc1de879178b1069498722dbb4} 服务未注册 0x77
Stack:
1.  main.main.func2
    D:/project/vgdw200/main.go:80

2023-08-10 11:33:30.023 [ERRO] {fc63d4d52be879178c1069491b7bcb7d} 服务未注册 0x77
Stack:
1.  main.main.func2
    D:/project/vgdw200/main.go:80

2023-08-10 11:34:30.028 [ERRO] {143170ce39e879178d1069495426d8b2} 服务未注册 0x77
Stack:
1.  main.main.func2
    D:/project/vgdw200/main.go:80

2023-08-10 11:35:30.031 [ERRO] {5493e0c647e879178e106949c4ef3591} 服务未注册 0x77
Stack:
1.  main.main.func2
    D:/project/vgdw200/main.go:80

2023-08-10 11:36:30.036 [ERRO] {64b471bf55e879178f106949fa2d3c7b} 服务未注册 0x77
Stack:
1.  main.main.func2
    D:/project/vgdw200/main.go:80

2023-08-10 13:35:05.784 [ERRO] {5cd41b83ceee791790106949e1a8c35d} Write data failed: write tcp 192.168.10.49:8999->192.168.10.108:58488: wsasend: An existing connection was forcibly closed by the remote host.
Stack:
1.  main.main.func2
    D:/project/vgdw200/main.go:84

2023-08-10 13:35:52.712 [ERRO] {cc263970d9ee79179110694924477530} 服务未注册 0x77
Stack:
1.  main.main.func2
    D:/project/vgdw200/main.go:80

2023-08-10 13:36:52.715 [ERRO] {88c0b468e7ee791792106949e71b0740} 服务未注册 0x77
Stack:
1.  main.main.func2
    D:/project/vgdw200/main.go:80

2023-08-10 13:37:52.722 [ERRO] {9cd36361f5ee791793106949140e96dd} 服务未注册 0x77
Stack:
1.  main.main.func2
    D:/project/vgdw200/main.go:80

2023-08-10 13:38:52.724 [ERRO] {508dcc5903ef791794106949b541ac19} 服务未注册 0x77
Stack:
1.  main.main.func2
    D:/project/vgdw200/main.go:80

2023-08-10 13:39:52.730 [ERRO] {28f76a5211ef7917951069496085d1ff} 服务未注册 0x77
Stack:
1.  main.main.func2
    D:/project/vgdw200/main.go:80

2023-08-10 13:40:52.727 [ERRO] {3c68854a1fef7917961069495f0b5ef3} 服务未注册 0x77
Stack:
1.  main.main.func2
    D:/project/vgdw200/main.go:80

2023-08-10 13:41:52.740 [ERRO] {e0c095432def7917971069491763ecdf} 服务未注册 0x77
Stack:
1.  main.main.func2
    D:/project/vgdw200/main.go:80

2023-08-10 13:42:52.749 [ERRO] {58fb633c3bef791798106949aa1834f2} 服务未注册 0x77
Stack:
1.  main.main.func2
    D:/project/vgdw200/main.go:80

2023-08-10 13:43:52.746 [ERRO] {2027743449ef7917991069494ba5b7f7} 服务未注册 0x77
Stack:
1.  main.main.func2
    D:/project/vgdw200/main.go:80

2023-08-10 13:44:52.755 [ERRO] {2ce7502d57ef79179a1069490c4174df} 服务未注册 0x77
Stack:
1.  main.main.func2
    D:/project/vgdw200/main.go:80

2023-08-10 13:45:52.762 [ERRO] {302b022665ef79179b106949b8673649} 服务未注册 0x77
Stack:
1.  main.main.func2
    D:/project/vgdw200/main.go:80

2023-08-10 13:46:52.766 [ERRO] {d434851e73ef79179c10694976a4643c} 服务未注册 0x77
Stack:
1.  main.main.func2
    D:/project/vgdw200/main.go:80

2023-08-10 13:47:52.770 [ERRO] {ac0c011781ef79179d106949790d91d9} 服务未注册 0x77
Stack:
1.  main.main.func2
    D:/project/vgdw200/main.go:80

2023-08-10 13:48:52.772 [ERRO] {c0796f0f8fef79179e106949b6702f22} 服务未注册 0x77
Stack:
1.  main.main.func2
    D:/project/vgdw200/main.go:80

2023-08-10 13:49:52.784 [ERRO] {847765089def79179f10694901fafa38} 服务未注册 0x77
Stack:
1.  main.main.func2
    D:/project/vgdw200/main.go:80

2023-08-10 13:50:52.796 [ERRO] {ecf15801abef7917a01069495bd47b07} 服务未注册 0x77
Stack:
1.  main.main.func2
    D:/project/vgdw200/main.go:80

2023-08-10 13:51:52.801 [ERRO] {a45ef6f9b8ef7917a1106949a4895814} 服务未注册 0x77
Stack:
1.  main.main.func2
    D:/project/vgdw200/main.go:80

2023-08-10 13:52:52.809 [ERRO] {dcb1c3f2c6ef7917a210694923c6e563} 服务未注册 0x77
Stack:
1.  main.main.func2
    D:/project/vgdw200/main.go:80

2023-08-10 13:53:52.813 [ERRO] {4c8c40ebd4ef7917a3106949103f45d7} 服务未注册 0x77
Stack:
1.  main.main.func2
    D:/project/vgdw200/main.go:80

2023-08-10 13:54:52.818 [ERRO] {6453dde3e2ef7917a4106949eca1a263} 服务未注册 0x77
Stack:
1.  main.main.func2
    D:/project/vgdw200/main.go:80

2023-08-10 13:55:52.815 [ERRO] {a8faf5dbf0ef7917a510694956cf72e8} 服务未注册 0x77
Stack:
1.  main.main.func2
    D:/project/vgdw200/main.go:80

2023-08-10 13:56:52.828 [ERRO] {d099ffd4feef7917a61069498409c6d9} 服务未注册 0x77
Stack:
1.  main.main.func2
    D:/project/vgdw200/main.go:80

2023-08-10 13:57:52.846 [ERRO] {b4c15fce0cf07917a7106949ab2773eb} 服务未注册 0x77
Stack:
1.  main.main.func2
    D:/project/vgdw200/main.go:80

2023-08-10 13:58:52.846 [ERRO] {48fea1c61af07917a81069490cfe6046} 服务未注册 0x77
Stack:
1.  main.main.func2
    D:/project/vgdw200/main.go:80

2023-08-10 14:12:03.171 [ERRO] {0079a4c9d2f07917a91069495c9252b8} 服务未注册 0x77
Stack:
1.  main.main.func2
    D:/project/vgdw200/main.go:80

2023-08-10 14:12:03.230 [ERRO] {302e2fcdd2f07917aa10694903568599} 服务未注册 0x77
Stack:
1.  main.main.func2
    D:/project/vgdw200/main.go:80

2023-08-10 14:12:09.931 [ERRO] {38cb995cd4f07917ab106949a94e2b0b} 服务未注册 0x77
Stack:
1.  main.main.func2
    D:/project/vgdw200/main.go:80

2023-08-10 14:13:09.943 [ERRO] {b4519055e2f07917ac106949e82bbf2b} 服务未注册 0x77
Stack:
1.  main.main.func2
    D:/project/vgdw200/main.go:80

2023-08-10 14:14:09.948 [ERRO] {54522f4ef0f07917ad10694924fc86f8} 服务未注册 0x77
Stack:
1.  main.main.func2
    D:/project/vgdw200/main.go:80

2023-08-10 14:15:09.959 [ERRO] {8c601447fef07917ae1069490d38ec5b} 服务未注册 0x77
Stack:
1.  main.main.func2
    D:/project/vgdw200/main.go:80

2023-08-10 14:16:09.969 [ERRO] {c0aef43f0cf17917af1069491e0e76e9} 服务未注册 0x77
Stack:
1.  main.main.func2
    D:/project/vgdw200/main.go:80

2023-08-10 14:17:09.977 [ERRO] {147dbc381af17917b01069490e984c31} 服务未注册 0x77
Stack:
1.  main.main.func2
    D:/project/vgdw200/main.go:80

2023-08-10 14:18:09.987 [ERRO] {bcf3a03128f17917b1106949940dd745} 服务未注册 0x77
Stack:
1.  main.main.func2
    D:/project/vgdw200/main.go:80

2023-08-10 14:19:10.004 [ERRO] {549fe22a36f17917b2106949f25673e8} 服务未注册 0x77
Stack:
1.  main.main.func2
    D:/project/vgdw200/main.go:80

2023-08-10 14:20:10.008 [ERRO] {385d622344f17917b3106949807f2a1c} 服务未注册 0x77
Stack:
1.  main.main.func2
    D:/project/vgdw200/main.go:80

2023-08-10 14:21:16.012 [ERRO] {d040928153f17917eb6c126777378f7c} 服务未注册 0x77
Stack:
1.  main.main.func2
    D:/project/vgdw200/main.go:80

2023-08-10 14:22:16.017 [ERRO] {7461267a61f17917ec6c1267725c1673} 服务未注册 0x77
Stack:
1.  main.main.func2
    D:/project/vgdw200/main.go:80

2023-08-10 14:23:16.027 [ERRO] {7c6e00736ff17917ed6c126702b11f4e} 服务未注册 0x77
Stack:
1.  main.main.func2
    D:/project/vgdw200/main.go:80

2023-08-10 14:24:16.033 [ERRO] {10fa9d6b7df17917ee6c126786c88a5b} 服务未注册 0x77
Stack:
1.  main.main.func2
    D:/project/vgdw200/main.go:80

2023-08-10 14:25:16.043 [ERRO] {48f086648bf17917ef6c12675dac1b11} 服务未注册 0x77
Stack:
1.  main.main.func2
    D:/project/vgdw200/main.go:80

2023-08-10 14:26:16.054 [ERRO] {7c2d6e5d99f17917f06c126750df26d1} 服务未注册 0x77
Stack:
1.  main.main.func2
    D:/project/vgdw200/main.go:80

2023-08-10 14:27:16.060 [ERRO] {7c141756a7f17917f16c1267857368e2} 服务未注册 0x77
Stack:
1.  main.main.func2
    D:/project/vgdw200/main.go:80

2023-08-10 14:28:16.067 [ERRO] {ecc8c34eb5f17917f26c1267b3662ea2} 服务未注册 0x77
Stack:
1.  main.main.func2
    D:/project/vgdw200/main.go:80

2023-08-10 14:29:16.072 [ERRO] {343c5c47c3f17917f36c1267b884c00e} 服务未注册 0x77
Stack:
1.  main.main.func2
    D:/project/vgdw200/main.go:80

2023-08-10 14:30:16.077 [ERRO] {0c02f43fd1f17917f46c1267aee4a331} 服务未注册 0x77
Stack:
1.  main.main.func2
    D:/project/vgdw200/main.go:80

2023-08-10 14:31:16.081 [ERRO] {e8247b38dff17917f56c12675d26a4d8} 服务未注册 0x77
Stack:
1.  main.main.func2
    D:/project/vgdw200/main.go:80

2023-08-10 14:32:16.089 [ERRO] {3c493d31edf17917f66c1267898d02bd} 服务未注册 0x77
Stack:
1.  main.main.func2
    D:/project/vgdw200/main.go:80

2023-08-10 14:33:16.095 [ERRO] {fcc8d829fbf17917f76c1267c1076e75} 服务未注册 0x77
Stack:
1.  main.main.func2
    D:/project/vgdw200/main.go:80

2023-08-10 14:34:16.100 [ERRO] {a423662209f27917f86c1267d2724652} 服务未注册 0x77
Stack:
1.  main.main.func2
    D:/project/vgdw200/main.go:80

2023-08-10 14:35:16.102 [ERRO] {a856d31a17f27917f96c12670e562ee8} 服务未注册 0x77
Stack:
1.  main.main.func2
    D:/project/vgdw200/main.go:80

2023-08-10 14:36:16.108 [ERRO] {7492791325f27917fa6c12679757a621} 服务未注册 0x77
Stack:
1.  main.main.func2
    D:/project/vgdw200/main.go:80

2023-08-10 14:37:16.115 [ERRO] {6cd1270c33f27917fb6c1267bb9ebd5e} 服务未注册 0x77
Stack:
1.  main.main.func2
    D:/project/vgdw200/main.go:80

2023-08-10 14:38:16.120 [ERRO] {d4c7b30441f27917fc6c12670a362880} 服务未注册 0x77
Stack:
1.  main.main.func2
    D:/project/vgdw200/main.go:80

2023-08-10 14:39:16.123 [ERRO] {d4e02afd4ef27917fd6c1267d931be9f} 服务未注册 0x77
Stack:
1.  main.main.func2
    D:/project/vgdw200/main.go:80

2023-08-10 14:40:16.131 [ERRO] {a06af6f55cf27917fe6c126776419e32} 服务未注册 0x77
Stack:
1.  main.main.func2
    D:/project/vgdw200/main.go:80

2023-08-10 14:41:16.135 [ERRO] {90e37cee6af27917ff6c1267540c5d76} 服务未注册 0x77
Stack:
1.  main.main.func2
    D:/project/vgdw200/main.go:80

2023-08-10 14:42:16.147 [ERRO] {8cec70e778f27917006d1267b26fc7db} 服务未注册 0x77
Stack:
1.  main.main.func2
    D:/project/vgdw200/main.go:80

2023-08-10 14:43:16.150 [ERRO] {c48eeadf86f27917016d126709142d71} 服务未注册 0x77
Stack:
1.  main.main.func2
    D:/project/vgdw200/main.go:80

2023-08-10 14:44:16.157 [ERRO] {2c4e94d894f27917026d12670f493e13} 服务未注册 0x77
Stack:
1.  main.main.func2
    D:/project/vgdw200/main.go:80

2023-08-10 14:45:16.166 [ERRO] {005a58d1a2f27917036d126750086f48} 服务未注册 0x77
Stack:
1.  main.main.func2
    D:/project/vgdw200/main.go:80

2023-08-10 14:46:16.172 [ERRO] {d49b13cab0f27917046d126776eba296} 服务未注册 0x77
Stack:
1.  main.main.func2
    D:/project/vgdw200/main.go:80

2023-08-10 14:47:16.179 [ERRO] {6c99c2c2bef27917056d126700de1428} 服务未注册 0x77
Stack:
1.  main.main.func2
    D:/project/vgdw200/main.go:80

2023-08-10 14:48:16.184 [ERRO] {8cc853bbccf27917066d126758625bef} 服务未注册 0x77
Stack:
1.  main.main.func2
    D:/project/vgdw200/main.go:80

2023-08-10 14:49:16.189 [ERRO] {989deeb3daf27917076d12673b9b7a7a} 服务未注册 0x77
Stack:
1.  main.main.func2
    D:/project/vgdw200/main.go:80

2023-08-10 14:50:16.193 [ERRO] {34866dace8f27917086d12673f5d4f6d} 服务未注册 0x77
Stack:
1.  main.main.func2
    D:/project/vgdw200/main.go:80

2023-08-10 14:51:16.200 [ERRO] {8ce81fa5f6f27917096d1267da041681} 服务未注册 0x77
Stack:
1.  main.main.func2
    D:/project/vgdw200/main.go:80

2023-08-10 14:52:16.206 [ERRO] {ec8cc49d04f379170a6d126766b5a7a6} 服务未注册 0x77
Stack:
1.  main.main.func2
    D:/project/vgdw200/main.go:80

2023-08-10 14:53:16.213 [ERRO] {c03d7a9612f379170b6d12674084adaa} 服务未注册 0x77
Stack:
1.  main.main.func2
    D:/project/vgdw200/main.go:80

2023-08-10 14:54:16.247 [ERRO] {3c35b89020f379170c6d126784dd280e} 服务未注册 0x77
Stack:
1.  main.main.func2
    D:/project/vgdw200/main.go:80

2023-08-10 14:55:16.250 [ERRO] {949738892ef379170d6d12670aa8c684} 服务未注册 0x77
Stack:
1.  main.main.func2
    D:/project/vgdw200/main.go:80

2023-08-10 14:56:16.256 [ERRO] {8cdbe1813cf379170e6d126702f09779} 服务未注册 0x77
Stack:
1.  main.main.func2
    D:/project/vgdw200/main.go:80

2023-08-10 14:57:16.260 [ERRO] {a0d6627a4af379170f6d126769a45196} 服务未注册 0x77
Stack:
1.  main.main.func2
    D:/project/vgdw200/main.go:80

2023-08-10 14:58:16.270 [ERRO] {e0b03c7358f37917106d126715371201} 服务未注册 0x77
Stack:
1.  main.main.func2
    D:/project/vgdw200/main.go:80

2023-08-10 14:59:16.275 [ERRO] {2438cf6b66f37917116d1267fe83e9f5} 服务未注册 0x77
Stack:
1.  main.main.func2
    D:/project/vgdw200/main.go:80

2023-08-10 15:00:16.279 [ERRO] {40cc596474f37917126d1267342ad70f} 服务未注册 0x77
Stack:
1.  main.main.func2
    D:/project/vgdw200/main.go:80

2023-08-10 15:01:16.286 [ERRO] {9839065d82f37917136d1267b3c199e9} 服务未注册 0x77
Stack:
1.  main.main.func2
    D:/project/vgdw200/main.go:80

2023-08-10 15:02:16.292 [ERRO] {c0c7b25590f37917146d1267f76b1bcb} 服务未注册 0x77
Stack:
1.  main.main.func2
    D:/project/vgdw200/main.go:80

2023-08-10 15:03:16.298 [ERRO] {24ac4f4e9ef37917156d126726f151b2} 服务未注册 0x77
Stack:
1.  main.main.func2
    D:/project/vgdw200/main.go:80

2023-08-10 15:04:16.325 [ERRO] {b8812e48acf37917166d1267ebf60305} 服务未注册 0x77
Stack:
1.  main.main.func2
    D:/project/vgdw200/main.go:80

2023-08-10 15:05:16.331 [ERRO] {cc6dd740baf37917176d1267e7727933} 服务未注册 0x77
Stack:
1.  main.main.func2
    D:/project/vgdw200/main.go:80

2023-08-10 15:06:16.352 [ERRO] {9084633ac8f37917186d12678a0de499} 服务未注册 0x77
Stack:
1.  main.main.func2
    D:/project/vgdw200/main.go:80

2023-08-10 15:07:16.365 [ERRO] {5c476433d6f37917196d1267c2e08659} 服务未注册 0x77
Stack:
1.  main.main.func2
    D:/project/vgdw200/main.go:80

2023-08-10 15:08:16.378 [ERRO] {b4c97d2ce4f379171a6d1267b1229d35} 服务未注册 0x77
Stack:
1.  main.main.func2
    D:/project/vgdw200/main.go:80

2023-08-10 15:09:16.382 [ERRO] {48360325f2f379171b6d12671bddb698} 服务未注册 0x77
Stack:
1.  main.main.func2
    D:/project/vgdw200/main.go:80

2023-08-10 15:10:16.386 [ERRO] {28597c1d00f479171c6d126762caed9d} 服务未注册 0x77
Stack:
1.  main.main.func2
    D:/project/vgdw200/main.go:80

2023-08-10 15:11:16.389 [ERRO] {f0d5ef150ef479171d6d126755882f05} 服务未注册 0x77
Stack:
1.  main.main.func2
    D:/project/vgdw200/main.go:80

2023-08-10 15:12:16.405 [ERRO] {68d1380f1cf479171e6d1267a30ca839} 服务未注册 0x77
Stack:
1.  main.main.func2
    D:/project/vgdw200/main.go:80

2023-08-10 15:13:16.422 [ERRO] {50f971082af479171f6d1267e701c3ce} 服务未注册 0x77
Stack:
1.  main.main.func2
    D:/project/vgdw200/main.go:80

2023-08-10 15:14:16.432 [ERRO] {b030560138f47917206d126716ee282f} 服务未注册 0x77
Stack:
1.  main.main.func2
    D:/project/vgdw200/main.go:80

2023-08-10 15:15:16.435 [ERRO] {14b5d0f945f47917216d12675545da1b} 服务未注册 0x77
Stack:
1.  main.main.func2
    D:/project/vgdw200/main.go:80

2023-08-10 15:16:16.438 [ERRO] {68c74af253f47917226d1267e810683b} 服务未注册 0x77
Stack:
1.  main.main.func2
    D:/project/vgdw200/main.go:80

2023-08-10 15:17:16.443 [ERRO] {e4aadaea61f47917236d1267107e585d} 服务未注册 0x77
Stack:
1.  main.main.func2
    D:/project/vgdw200/main.go:80

2023-08-10 15:18:16.446 [ERRO] {80384be36ff47917246d126725cda870} 服务未注册 0x77
Stack:
1.  main.main.func2
    D:/project/vgdw200/main.go:80

2023-08-10 15:19:16.449 [ERRO] {54b6cadb7df47917256d12678414c7f6} 服务未注册 0x77
Stack:
1.  main.main.func2
    D:/project/vgdw200/main.go:80

2023-08-10 15:20:16.453 [ERRO] {1c2e43d48bf47917266d12675c9059d4} 服务未注册 0x77
Stack:
1.  main.main.func2
    D:/project/vgdw200/main.go:80

2023-08-10 15:21:16.457 [ERRO] {c8cec7cc99f47917276d12679d16b8e3} 服务未注册 0x77
Stack:
1.  main.main.func2
    D:/project/vgdw200/main.go:80

2023-08-10 15:22:16.461 [ERRO] {04a94bc5a7f47917286d1267f52168d6} 服务未注册 0x77
Stack:
1.  main.main.func2
    D:/project/vgdw200/main.go:80

2023-08-10 15:23:16.465 [ERRO] {24ddd7bdb5f47917296d126717084ad7} 服务未注册 0x77
Stack:
1.  main.main.func2
    D:/project/vgdw200/main.go:80

2023-08-10 15:24:16.471 [ERRO] {d48e79b6c3f479172a6d1267b5090d0e} 服务未注册 0x77
Stack:
1.  main.main.func2
    D:/project/vgdw200/main.go:80

2023-08-10 15:25:16.476 [ERRO] {70fa10afd1f479172b6d126701f86449} 服务未注册 0x77
Stack:
1.  main.main.func2
    D:/project/vgdw200/main.go:80

2023-08-10 15:26:16.485 [ERRO] {9cf0d8a7dff479172c6d12674253aed5} 服务未注册 0x77
Stack:
1.  main.main.func2
    D:/project/vgdw200/main.go:80

2023-08-10 15:27:16.491 [ERRO] {a42a86a0edf479172d6d1267d6d28b64} 服务未注册 0x77
Stack:
1.  main.main.func2
    D:/project/vgdw200/main.go:80

2023-08-10 15:28:16.497 [ERRO] {98542099fbf479172e6d12676a73765c} 服务未注册 0x77
Stack:
1.  main.main.func2
    D:/project/vgdw200/main.go:80

2023-08-10 15:29:16.505 [ERRO] {74f1e69109f579172f6d126799ae38c9} 服务未注册 0x77
Stack:
1.  main.main.func2
    D:/project/vgdw200/main.go:80

2023-08-10 15:30:16.519 [ERRO] {c003fa8a17f57917306d1267d00afccb} 服务未注册 0x77
Stack:
1.  main.main.func2
    D:/project/vgdw200/main.go:80

2023-08-10 15:31:16.525 [ERRO] {585faa8325f57917316d1267e98a682b} 服务未注册 0x77
Stack:
1.  main.main.func2
    D:/project/vgdw200/main.go:80

2023-08-10 15:32:16.532 [ERRO] {fcee517c33f57917326d126733682508} 服务未注册 0x77
Stack:
1.  main.main.func2
    D:/project/vgdw200/main.go:80

2023-08-10 15:33:16.536 [ERRO] {2431e17441f57917336d1267bbeb33ab} 服务未注册 0x77
Stack:
1.  main.main.func2
    D:/project/vgdw200/main.go:80

2023-08-10 15:34:16.544 [ERRO] {84d49a6d4ff57917346d1267764731d0} 服务未注册 0x77
Stack:
1.  main.main.func2
    D:/project/vgdw200/main.go:80

2023-08-10 15:35:16.551 [ERRO] {40da4f665df57917356d1267a4bbf4e9} 服务未注册 0x77
Stack:
1.  main.main.func2
    D:/project/vgdw200/main.go:80

2023-08-10 15:36:16.556 [ERRO] {584cdd5e6bf57917366d1267600fbd53} 服务未注册 0x77
Stack:
1.  main.main.func2
    D:/project/vgdw200/main.go:80

2023-08-10 15:37:16.561 [ERRO] {38e97c5779f57917376d1267f9f6a511} 服务未注册 0x77
Stack:
1.  main.main.func2
    D:/project/vgdw200/main.go:80

2023-08-10 15:38:16.578 [ERRO] {1c2fbf5087f57917386d1267e228ba7f} 服务未注册 0x77
Stack:
1.  main.main.func2
    D:/project/vgdw200/main.go:80

2023-08-10 15:39:16.588 [ERRO] {2419a34995f57917396d12675b41a03b} 服务未注册 0x77
Stack:
1.  main.main.func2
    D:/project/vgdw200/main.go:80

2023-08-10 15:40:16.592 [ERRO] {2ce91e42a3f579173a6d12670eafbc3c} 服务未注册 0x77
Stack:
1.  main.main.func2
    D:/project/vgdw200/main.go:80

2023-08-10 15:41:16.604 [ERRO] {c8af283bb1f579173b6d12672f464154} 服务未注册 0x77
Stack:
1.  main.main.func2
    D:/project/vgdw200/main.go:80

2023-08-10 15:42:16.611 [ERRO] {205bd333bff579173c6d12678cd81527} 服务未注册 0x77
Stack:
1.  main.main.func2
    D:/project/vgdw200/main.go:80

2023-08-10 15:43:16.624 [ERRO] {449fdc2ccdf579173d6d126797f1685a} 服务未注册 0x77
Stack:
1.  main.main.func2
    D:/project/vgdw200/main.go:80

2023-08-10 15:44:16.630 [ERRO] {b8a08325dbf579173e6d1267a44b5134} 服务未注册 0x77
Stack:
1.  main.main.func2
    D:/project/vgdw200/main.go:80

2023-08-10 15:45:16.639 [ERRO] {fcb55a1ee9f579173f6d1267fd927cea} 服务未注册 0x77
Stack:
1.  main.main.func2
    D:/project/vgdw200/main.go:80

2023-08-10 15:46:16.645 [ERRO] {d445fb16f7f57917406d1267d03d7022} 服务未注册 0x77
Stack:
1.  main.main.func2
    D:/project/vgdw200/main.go:80

2023-08-10 15:47:16.652 [ERRO] {5024a90f05f67917416d126740db27cd} 服务未注册 0x77
Stack:
1.  main.main.func2
    D:/project/vgdw200/main.go:80

2023-08-10 15:48:16.662 [ERRO] {442e8b0813f67917426d126756b03957} 服务未注册 0x77
Stack:
1.  main.main.func2
    D:/project/vgdw200/main.go:80

2023-08-10 15:49:16.677 [ERRO] {a8fcb00121f67917436d12678b718bca} 服务未注册 0x77
Stack:
1.  main.main.func2
    D:/project/vgdw200/main.go:80

2023-08-10 15:50:16.690 [ERRO] {587ebefa2ef67917446d12672e8377a3} 服务未注册 0x77
Stack:
1.  main.main.func2
    D:/project/vgdw200/main.go:80

2023-08-10 15:51:16.698 [ERRO] {681d86f33cf67917456d126755ad7f1f} 服务未注册 0x77
Stack:
1.  main.main.func2
    D:/project/vgdw200/main.go:80

2023-08-10 15:52:16.703 [ERRO] {a0c120ec4af67917466d1267ca466055} 服务未注册 0x77
Stack:
1.  main.main.func2
    D:/project/vgdw200/main.go:80

2023-08-10 15:53:16.709 [ERRO] {2802b6e458f67917476d1267dcaa6070} 服务未注册 0x77
Stack:
1.  main.main.func2
    D:/project/vgdw200/main.go:80

2023-08-10 15:54:16.764 [ERRO] {e04b4be066f67917486d12675bd6a5ac} 服务未注册 0x77
Stack:
1.  main.main.func2
    D:/project/vgdw200/main.go:80

2023-08-10 15:55:16.735 [ERRO] {503ad9d674f67917496d1267640b900c} 服务未注册 0x77
Stack:
1.  main.main.func2
    D:/project/vgdw200/main.go:80

2023-08-10 15:56:16.747 [ERRO] {8c51d4cf82f679174a6d1267ff599936} 服务未注册 0x77
Stack:
1.  main.main.func2
    D:/project/vgdw200/main.go:80

2023-08-10 15:57:16.834 [ERRO] {e87e4ecd90f679174b6d1267ef1dbd7e} 服务未注册 0x77
Stack:
1.  main.main.func2
    D:/project/vgdw200/main.go:80

2023-08-10 15:58:16.749 [ERRO] {582681c09ef679174c6d1267428aa688} 服务未注册 0x77
Stack:
1.  main.main.func2
    D:/project/vgdw200/main.go:80

2023-08-10 15:59:16.774 [ERRO] {14e747baacf679174d6d1267fe557d9c} 服务未注册 0x77
Stack:
1.  main.main.func2
    D:/project/vgdw200/main.go:80

2023-08-10 16:00:16.763 [ERRO] {5c86e7b1baf679174e6d126766fe38b3} 服务未注册 0x77
Stack:
1.  main.main.func2
    D:/project/vgdw200/main.go:80

2023-08-10 16:01:16.793 [ERRO] {8474fbabc8f679174f6d12679eaa4606} 服务未注册 0x77
Stack:
1.  main.main.func2
    D:/project/vgdw200/main.go:80

2023-08-10 16:02:16.787 [ERRO] {a843dfa3d6f67917506d1267ad5b47fe} 服务未注册 0x77
Stack:
1.  main.main.func2
    D:/project/vgdw200/main.go:80

2023-08-10 16:03:16.789 [ERRO] {f00d449ce4f67917516d12678131fcc7} 服务未注册 0x77
Stack:
1.  main.main.func2
    D:/project/vgdw200/main.go:80

2023-08-10 16:04:16.791 [ERRO] {1887b594f2f67917526d12671ec0d87b} 服务未注册 0x77
Stack:
1.  main.main.func2
    D:/project/vgdw200/main.go:80

2023-08-10 16:05:16.826 [ERRO] {d8a70d8f00f77917536d1267f34cac17} 服务未注册 0x77
Stack:
1.  main.main.func2
    D:/project/vgdw200/main.go:80

2023-08-10 16:06:16.836 [ERRO] {6cdbf3870ef77917546d1267ab8778ee} 服务未注册 0x77
Stack:
1.  main.main.func2
    D:/project/vgdw200/main.go:80

2023-08-10 16:07:16.805 [ERRO] {a48f5d7e1cf77917556d126722c59c9e} 服务未注册 0x77
Stack:
1.  main.main.func2
    D:/project/vgdw200/main.go:80

2023-08-10 16:08:16.854 [ERRO] {38b289792af77917566d12678d1a6e1a} 服务未注册 0x77
Stack:
1.  main.main.func2
    D:/project/vgdw200/main.go:80

2023-08-10 16:09:16.819 [ERRO] {d850bf6f38f77917576d126758d1abff} 服务未注册 0x77
Stack:
1.  main.main.func2
    D:/project/vgdw200/main.go:80

2023-08-10 16:10:16.872 [ERRO] {181d1d6b46f77917586d126760e8dc93} 服务未注册 0x77
Stack:
1.  main.main.func2
    D:/project/vgdw200/main.go:80

2023-08-10 16:11:16.879 [ERRO] {78a4e36354f77917596d12675765b537} 服务未注册 0x77
Stack:
1.  main.main.func2
    D:/project/vgdw200/main.go:80

2023-08-10 16:12:16.888 [ERRO] {b00fad5c62f779175a6d1267bfe5122d} 服务未注册 0x77
Stack:
1.  main.main.func2
    D:/project/vgdw200/main.go:80

